warning: No `requires-python` value found in the workspace. Defaulting to `>=3.13`.
============================= test session starts =============================
platform win32 -- Python 3.13.13, pytest-9.1.1, pluggy-1.6.0
rootdir: C:\Users\mathe\code_space\life-oss\life\vibe-ops
configfile: pyproject.toml
plugins: anyio-4.13.0, cov-7.1.0
collected 9 items

tests\integration\test_period_sync.py .........                          [100%]

============================== warnings summary ===============================
tests\integration\test_period_sync.py:135
  C:\Users\mathe\code_space\life-oss\life\vibe-ops\tests\integration\test_period_sync.py:135: PytestUnknownMarkWarning: Unknown pytest.mark.integration - is this a typo?  You can register custom marks to avoid this warning - for details, see https://docs.pytest.org/en/stable/how-to/mark.html
    @pytest.mark.integration

-- Docs: https://docs.pytest.org/en/stable/how-to/capture-warnings.html
======================== 9 passed, 1 warning in 0.48s =========================
