warning: No `requires-python` value found in the workspace. Defaulting to `>=3.13`.
============================= test session starts =============================
platform win32 -- Python 3.13.13, pytest-9.1.1, pluggy-1.6.0 -- C:\Users\mathe\code_space\life-oss\life\vibe-ops\.venv\Scripts\python.exe
cachedir: .pytest_cache
rootdir: C:\Users\mathe\code_space\life-oss\life\vibe-ops
configfile: pyproject.toml
plugins: anyio-4.13.0, cov-7.1.0
collecting ... collected 9 items

tests/integration/test_period_sync.py::TestPeriodReportSync::test_migration_applies_on_init PASSED [ 11%]
tests/integration/test_period_sync.py::TestPeriodReportSync::test_sync_ingests_all_valid_reports_first_pass PASSED [ 22%]
tests/integration/test_period_sync.py::TestPeriodReportSync::test_idempotent_re_sync PASSED [ 33%]
tests/integration/test_period_sync.py::TestPeriodReportSync::test_get_period_hierarchy PASSED [ 44%]
tests/integration/test_period_sync.py::TestPeriodReportSync::test_broken_yaml_does_not_abort PASSED [ 55%]
tests/integration/test_period_sync.py::TestPeriodReportSync::test_missing_vault_folder_records_error PASSED [ 66%]
tests/integration/test_period_sync.py::TestPeriodReportSync::test_update_existing_report PASSED [ 77%]
tests/integration/test_period_sync.py::TestPeriodReportSync::test_new_id_with_modified_content_is_ingested PASSED [ 88%]
tests/integration/test_period_sync.py::TestPeriodReportSync::test_sync_db_to_vault_is_noop PASSED [100%]

============================== warnings summary ===============================
tests\integration\test_period_sync.py:135
  C:\Users\mathe\code_space\life-oss\life\vibe-ops\tests\integration\test_period_sync.py:135: PytestUnknownMarkWarning: Unknown pytest.mark.integration - is this a typo?  You can register custom marks to avoid this warning - for details, see https://docs.pytest.org/en/stable/how-to/mark.html
    @pytest.mark.integration

-- Docs: https://docs.pytest.org/en/stable/how-to/capture-warnings.html
======================== 9 passed, 1 warning in 0.53s =========================
